SeaBIOS (version 1.15.0-1)


iPXE (https://ipxe.org) 00:03.0 CA00 PCI2.10 PnP PMM+1FF8B4A0+1FECB4A0 CA00
                                                                               


Booting from Hard Disk..xv6...
kernel end 80116d70
kinit2 80400000 -> 8e000000
KALLOC 8dfff000
KALLOC 8dffe000
KALLOC 8dffd000
KALLOC 8dffc000
KALLOC 8dffb000
KALLOC 8dffa000
KALLOC 8dff9000
KALLOC 8dff8000
KALLOC 8dff7000
KALLOC 8dff6000
KALLOC 8dff5000
KALLOC 8dff4000
KALLOC 8dff3000
KALLOC 8dff2000
KALLOC 8dff1000
KALLOC 8dff0000
KALLOC 8dfef000
KALLOC 8dfee000
KALLOC 8dfed000
KALLOC 8dfec000
KALLOC 8dfeb000
KALLOC 8dfea000
KALLOC 8dfe9000
KALLOC 8dfe8000
KALLOC 8dfe7000
KALLOC 8dfe6000
KALLOC 8dfe5000
KALLOC 8dfe4000
KALLOC 8dfe3000
KALLOC 8dfe2000
KALLOC 8dfe1000
KALLOC 8dfe0000
KALLOC 8dfdf000
KALLOC 8dfde000
KALLOC 8dfdd000
KALLOC 8dfdc000
KALLOC 8dfdb000
KALLOC 8dfda000
KALLOC 8dfd9000
KALLOC 8dfd8000
KALLOC 8dfd7000
KALLOC 8dfd6000
KALLOC 8dfd5000
KALLOC 8dfd4000
KALLOC 8dfd3000
KALLOC 8dfd2000
KALLOC 8dfd1000
KALLOC 8dfd0000
KALLOC 8dfcf000
KALLOC 8dfce000
KALLOC 8dfcd000
KALLOC 8dfcc000
KALLOC 8dfcb000
KALLOC 8dfca000
KALLOC 8dfc9000
KALLOC 8dfc8000
KALLOC 8dfc7000
KALLOC 8dfc6000
KALLOC 8dfc5000
KALLOC 8dfc4000
KALLOC 8dfc3000
KALLOC 8dfc2000
KALLOC 8dfc1000
KALLOC 8dfc0000
KALLOC 8dfbf000
KALLOC 8dfbe000
KALLOC 8dfbd000
KALLOC 8dfbc000
cpu0: starting 0
sb: size 1000 nblocks 941 ninodes 200 nlog 30 logstart 2 inodestart 32 bmap start 58
KALLOC 8dfbb000
KALLOC 8dfba000
KALLOC 8dfb9000
KALLOC 8dfb8000
KALLOC 8dfb7000
KALLOC 8dfb6000
KALLOC 8dfb5000
KALLOC 8dfb4000
KALLOC 8dfb3000
KALLOC 8dfb2000
KALLOC 8dfb1000
KALLOC 8dfb0000
KALLOC 8dfaf000
KALLOC 8dfae000
KALLOC 8dfad000
KALLOC 8dfac000
KALLOC 8dfab000
KALLOC 8dfaa000
KALLOC 8dfa9000
KALLOC 8dfa8000
KALLOC 8dfa7000
KALLOC 8dfa6000
KALLOC 8dfa5000
KALLOC 8dfa4000
KALLOC 8dfa3000
KALLOC 8dfa2000
KALLOC 8dfa1000
KALLOC 8dfa0000
KALLOC 8df9f000
KALLOC 8df9e000
KALLOC 8df9d000
KALLOC 8df9c000
KALLOC 8df9b000
KALLOC 8df9a000
KALLOC 8df99000
KALLOC 8df98000
KALLOC 8df97000
KALLOC 8df96000
KALLOC 8df95000
KALLOC 8df94000
KALLOC 8df93000
KALLOC 8df92000
KALLOC 8df91000
KALLOC 8df90000
KALLOC 8df8f000
KALLOC 8df8e000
KALLOC 8df8d000
KALLOC 8df8c000
KALLOC 8df8b000
KALLOC 8df8a000
KALLOC 8df89000
KALLOC 8df88000
KALLOC 8df87000
KALLOC 8df86000
KALLOC 8df85000
KALLOC 8df84000
KALLOC 8df83000
KALLOC 8df82000
KALLOC 8df81000
KALLOC 8df80000
KALLOC 8df7f000
KALLOC 8df7e000
KALLOC 8df7d000
KALLOC 8df7c000
KALLOC 8df7b000
EXECING /init EXECING
PROCESS START VA 0
KALLOC 8df7a000
ALLOCUVM 8df7a000 - 0
KALLOC 8df79000
KALLOC 8df78000
ALLOCUVM 8df78000 - 1000
KALLOC 8df77000
ALLOCUVM 8df77000 - 2000
KALLOC 8df76000
ALLOCUVM 8df76000 - 3000
PROCESS END VA 4000
init: starting sh
KALLOC 8dffe000
FORKING init 
KALLOC 8dfbe000
KALLOC 8dfbf000
KALLOC 8dfc0000
KALLOC 8dfc1000
KALLOC 8dfc2000
KALLOC 8dfc3000
KALLOC 8dfc4000
KALLOC 8dfc5000
KALLOC 8dfc6000
KALLOC 8dfc7000
KALLOC 8dfc8000
KALLOC 8dfc9000
KALLOC 8dfca000
KALLOC 8dfcb000
KALLOC 8dfcc000
KALLOC 8dfcd000
KALLOC 8dfce000
KALLOC 8dfcf000
KALLOC 8dfd0000
KALLOC 8dfd1000
KALLOC 8dfd2000
KALLOC 8dfd3000
KALLOC 8dfd4000
KALLOC 8dfd5000
KALLOC 8dfd6000
KALLOC 8dfd7000
KALLOC 8dfd8000
KALLOC 8dfd9000
KALLOC 8dfda000
KALLOC 8dfdb000
KALLOC 8dfdc000
KALLOC 8dfdd000
KALLOC 8dfde000
KALLOC 8dfdf000
KALLOC 8dfe0000
KALLOC 8dfe1000
KALLOC 8dfe2000
KALLOC 8dfe3000
KALLOC 8dfe4000
KALLOC 8dfe5000
KALLOC 8dfe6000
KALLOC 8dfe7000
KALLOC 8dfe8000
KALLOC 8dfe9000
KALLOC 8dfea000
KALLOC 8dfeb000
KALLOC 8dfec000
KALLOC 8dfed000
KALLOC 8dfee000
KALLOC 8dfef000
KALLOC 8dff0000
KALLOC 8dff1000
KALLOC 8dff2000
KALLOC 8dff3000
KALLOC 8dff4000
KALLOC 8dff5000
KALLOC 8dff6000
KALLOC 8dff7000
KALLOC 8dff8000
KALLOC 8dff9000
KALLOC 8dffa000
KALLOC 8dffb000
KALLOC 8dffc000
KALLOC 8dffd000
KALLOC 8dfbc000
KALLOC 8dfbd000
FORK with COW - 0, df7a000, df7a201
FORK with COW - 1000, df78000, df78225
FORK with COW - 2000, df77000, df77201
FORK with COW - 3000, df76000, df76265
Faulting entry 8df7900c
pid 1 init: trap 14 err 7 on cpu 0 eip 0x1070 addr 0x3fcc --kill proc
COW Write Access Request init - 3fcc - 1070
COW Flag - 200
COW Page Entry - df76265
COW Old Physical Page - df76000
KALLOC 8df75000
Is memmove throwing trap
COW handling done new address - 8df75000, old address - df76000
COW Handled - df75007
Faulting entry 8dfbd00c
pid 2 init: trap 14 err 7 on cpu 0 eip 0x10a4 addr 0x3fcc --kill proc
COW Write Access Request init - 3fcc - 10a4
COW Flag - 200
COW Page Entry - df76265
COW Old Physical Page - df76000
KALLOC 8df74000
Is memmove throwing trap
COW handling done new address - 8df74000, old address - df76000
COW Handled - df74007
KALLOC 8df73000
KALLOC 8df72000
KALLOC 8df71000
KALLOC 8df70000
KALLOC 8df6f000
KALLOC 8df6e000
KALLOC 8df6d000
KALLOC 8df6c000
KALLOC 8df6b000
KALLOC 8df6a000
KALLOC 8df69000
KALLOC 8df68000
KALLOC 8df67000
KALLOC 8df66000
KALLOC 8df65000
KALLOC 8df64000
KALLOC 8df63000
KALLOC 8df62000
KALLOC 8df61000
KALLOC 8df60000
KALLOC 8df5f000
KALLOC 8df5e000
KALLOC 8df5d000
KALLOC 8df5c000
KALLOC 8df5b000
KALLOC 8df5a000
KALLOC 8df59000
KALLOC 8df58000
KALLOC 8df57000
KALLOC 8df56000
KALLOC 8df55000
KALLOC 8df54000
KALLOC 8df53000
KALLOC 8df52000
KALLOC 8df51000
KALLOC 8df50000
KALLOC 8df4f000
KALLOC 8df4e000
KALLOC 8df4d000
KALLOC 8df4c000
KALLOC 8df4b000
KALLOC 8df4a000
KALLOC 8df49000
KALLOC 8df48000
KALLOC 8df47000
KALLOC 8df46000
KALLOC 8df45000
KALLOC 8df44000
KALLOC 8df43000
KALLOC 8df42000
KALLOC 8df41000
KALLOC 8df40000
KALLOC 8df3f000
KALLOC 8df3e000
KALLOC 8df3d000
KALLOC 8df3c000
KALLOC 8df3b000
KALLOC 8df3a000
KALLOC 8df39000
KALLOC 8df38000
KALLOC 8df37000
KALLOC 8df36000
KALLOC 8df35000
KALLOC 8df34000
KALLOC 8df33000
EXECING sh EXECING
PROCESS START VA 0
KALLOC 8df32000
ALLOCUVM 8df32000 - 0
KALLOC 8df31000
KALLOC 8df30000
ALLOCUVM 8df30000 - 1000
KALLOC 8df2f000
ALLOCUVM 8df2f000 - 2000
KALLOC 8df2e000
ALLOCUVM 8df2e000 - 3000
KALLOC 8df2d000
ALLOCUVM 8df2d000 - 4000
PROCESS END VA 5000
$ hello
KALLOC 8dfbe000
FORKING sh 
KALLOC 8dfbc000
KALLOC 8dffd000
KALLOC 8dffc000
KALLOC 8dffb000
KALLOC 8dffa000
KALLOC 8dff9000
KALLOC 8dff8000
KALLOC 8dff7000
KALLOC 8dff6000
KALLOC 8dff5000
KALLOC 8dff4000
KALLOC 8dff3000
KALLOC 8dff2000
KALLOC 8dff1000
KALLOC 8dff0000
KALLOC 8dfef000
KALLOC 8dfee000
KALLOC 8dfed000
KALLOC 8dfec000
KALLOC 8dfeb000
KALLOC 8dfea000
KALLOC 8dfe9000
KALLOC 8dfe8000
KALLOC 8dfe7000
KALLOC 8dfe6000
KALLOC 8dfe5000
KALLOC 8dfe4000
KALLOC 8dfe3000
KALLOC 8dfe2000
KALLOC 8dfe1000
KALLOC 8dfe0000
KALLOC 8dfdf000
KALLOC 8dfde000
KALLOC 8dfdd000
KALLOC 8dfdc000
KALLOC 8dfdb000
KALLOC 8dfda000
KALLOC 8dfd9000
KALLOC 8dfd8000
KALLOC 8dfd7000
KALLOC 8dfd6000
KALLOC 8dfd5000
KALLOC 8dfd4000
KALLOC 8dfd3000
KALLOC 8dfd2000
KALLOC 8dfd1000
KALLOC 8dfd0000
KALLOC 8dfcf000
KALLOC 8dfce000
KALLOC 8dfcd000
KALLOC 8dfcc000
KALLOC 8dfcb000
KALLOC 8dfca000
KALLOC 8dfc9000
KALLOC 8dfc8000
KALLOC 8dfc7000
KALLOC 8dfc6000
KALLOC 8dfc5000
KALLOC 8dfc4000
KALLOC 8dfc3000
KALLOC 8dfc2000
KALLOC 8dfc1000
KALLOC 8dfc0000
KALLOC 8dfbf000
KALLOC 8dfbd000
KALLOC 8df74000
FORK with COW - 0, df32000, df32201
FORK with COW - 1000, df30000, df30225
FORK with COW - 2000, df2f000, df2f265
FORK with COW - 3000, df2e000, df2e201
FORK with COW - 4000, df2d000, df2d265
Faulting entry 8df31010
pid 2 sh: trap 14 err 7 on cpu 0 eip 0x1062 addr 0x4fcc --kill proc
COW Write Access Request sh - 4fcc - 1062
COW Flag - 200
COW Page Entry - df2d265
COW Old Physical Page - df2d000
KALLOC 8df77000
Is memmove throwing trap
COW handling done new address - 8df77000, old address - df2d000
COW Handled - df77007
Faulting entry 8df74010
pid 3 sh: trap 14 err 7 on cpu 0 eip 0x10c3 addr 0x4fc0 --kill proc
COW Write Access Request sh - 4fc0 - 10c3
COW Flag - 200
COW Page Entry - df2d265
COW Old Physical Page - df2d000
KALLOC 8df78000
Is memmove throwing trap
COW handling done new address - 8df78000, old address - df2d000
COW Handled - df78007
Faulting entry 8df74008
pid 3 sh: trap 14 err 7 on cpu 0 eip 0x22b0 addr 0x2a84 --kill proc
COW Write Access Request sh - 2a84 - 22b0
COW Flag - 200
COW Page Entry - df2f265
COW Old Physical Page - df2f000
KALLOC 8df7a000
Is memmove throwing trap
COW handling done new address - 8df7a000, old address - df2f000
COW Handled - df7a007
Faulting entry 8df74014
pid 3 sh: trap 14 err 6 on cpu 0 eip 0x2260 addr 0x5004 --kill proc
KALLOC 8df2c000
allocating va 5000
Faulting entry 8df74030
pid 3 sh: trap 14 err 6 on cpu 0 eip 0x229c addr 0xcfa4 --kill proc
KALLOC 8df2b000
allocating va c000
KALLOC 8df2a000
KALLOC 8df29000
KALLOC 8df28000
KALLOC 8df27000
KALLOC 8df26000
KALLOC 8df25000
KALLOC 8df24000
KALLOC 8df23000
KALLOC 8df22000
KALLOC 8df21000
KALLOC 8df20000
KALLOC 8df1f000
KALLOC 8df1e000
KALLOC 8df1d000
KALLOC 8df1c000
KALLOC 8df1b000
KALLOC 8df1a000
KALLOC 8df19000
KALLOC 8df18000
KALLOC 8df17000
KALLOC 8df16000
KALLOC 8df15000
KALLOC 8df14000
KALLOC 8df13000
KALLOC 8df12000
KALLOC 8df11000
KALLOC 8df10000
KALLOC 8df0f000
KALLOC 8df0e000
KALLOC 8df0d000
KALLOC 8df0c000
KALLOC 8df0b000
KALLOC 8df0a000
KALLOC 8df09000
KALLOC 8df08000
KALLOC 8df07000
KALLOC 8df06000
KALLOC 8df05000
KALLOC 8df04000
KALLOC 8df03000
KALLOC 8df02000
KALLOC 8df01000
KALLOC 8df00000
KALLOC 8deff000
KALLOC 8defe000
KALLOC 8defd000
KALLOC 8defc000
KALLOC 8defb000
KALLOC 8defa000
KALLOC 8def9000
KALLOC 8def8000
KALLOC 8def7000
KALLOC 8def6000
KALLOC 8def5000
KALLOC 8def4000
KALLOC 8def3000
KALLOC 8def2000
KALLOC 8def1000
KALLOC 8def0000
KALLOC 8deef000
KALLOC 8deee000
KALLOC 8deed000
KALLOC 8deec000
KALLOC 8deeb000
KALLOC 8deea000
EXECING hello EXECING
PROCESS START VA 0
KALLOC 8dee9000
ALLOCUVM 8dee9000 - 0
KALLOC 8dee8000
KALLOC 8dee7000
ALLOCUVM 8dee7000 - 1000
KALLOC 8dee6000
ALLOCUVM 8dee6000 - 2000
KALLOC 8dee5000
ALLOCUVM 8dee5000 - 3000
PROCESS END VA 4000
Faulting entry 8df31000
pid 2 sh: trap 14 err 5 on cpu 0 eip 0x1e32 addr 0x0 --kill proc
KILL KILLL KILLL KILLLLLLL
Faulting entry 8df79000
pid 1 init: trap 14 err 5 on cpu 0 eip 0x1352 addr 0x0 --kill proc
KILL KILLL KILLL KILLLLLLL
lapicid 0: panic: init exiting
 801040de 80106325 80105fc5 0 0 0 0 0 0 0QEMU: Terminated
